<?xml version="1.0" encoding="UTF-8"?>
<!-- Generated by org.testng.reporters.JUnitXMLReporter -->
<testsuite hostname="SLBLR-LT-225" ignored="0" name="Default test" tests="4" failures="0" timestamp="2020-02-24T18:11:26 IST" time="25.723" errors="0">
  <testcase name="BrowserClose" time="2.12" classname="com.qa.page.learningcurve.TestPracticeTwo"/>
  <testcase name="driverInstanceClose" time="0.726" classname="com.qa.page.learningcurve.TestPracticeTwo"/>
  <testcase name="getPageSource" time="0.142" classname="com.qa.page.learningcurve.TestPracticeTwo"/>
  <testcase name="getTitle" time="0.014" classname="com.qa.page.learningcurve.TestPracticeTwo"/>
</testsuite> <!-- Default test -->
