<?xml version="1.0" encoding="UTF-8"?>
<!-- Generated by org.testng.reporters.JUnitXMLReporter -->
<testsuite hostname="SLBLR-LT-225" ignored="0" name="Default test" tests="4" failures="0" timestamp="2020-01-17T16:28:02 IST" time="30.302" errors="0">
  <testcase name="SearchKeyword" time="0.022" classname="com.test.GoogleSearchTest"/>
  <testcase name="Boolean" time="0.031" classname="com.test.GoogleSearchTest"/>
  <testcase name="String" time="0.016" classname="com.test.GoogleSearchTest"/>
  <testcase name="String1" time="0.003" classname="com.test.GoogleSearchTest"/>
</testsuite> <!-- Default test -->
