<?xml version="1.0" encoding="UTF-8"?>
<!-- Generated by org.testng.reporters.JUnitXMLReporter -->
<testsuite hostname="SLBLR-LT-225" name="Default test" tests="4" failures="0" timestamp="22 Jan 2020 09:37:23 GMT" time="31.12" errors="0">
  <testcase name="GetTilePage" time="0.023" classname="com.qa.testpage.GoogleHomePageTest"/>
  <testcase name="logoCaptureUrl" time="0.002" classname="com.qa.testpage.GoogleHomePageTest"/>
  <testcase name="clickOnEmailLink" time="0.001" classname="com.qa.testpage.GoogleHomePageTest"/>
  <testcase name="searchresult" time="3.028" classname="com.qa.testpage.GoogleHomePageTest"/>
</testsuite> <!-- Default test -->
