<?xml version="1.0" encoding="UTF-8"?>
<!-- Generated by org.testng.reporters.JUnitXMLReporter -->
<testsuite hostname="SLBLR-LT-225" name="Default test" tests="2" failures="0" timestamp="7 Jan 2020 17:39:20 GMT" time="0.041" errors="0">
  <testcase name="sum" time="0.008" classname="com.qa.tests.DemoTests">
    <skipped/>
  </testcase> <!-- sum -->
  <testcase name="sum1" time="0.001" classname="com.qa.tests.DemoTests">
    <skipped/>
  </testcase> <!-- sum1 -->
</testsuite> <!-- Default test -->
