<?xml version="1.0" encoding="UTF-8"?>
<testng-results skipped="0" failed="0" ignored="0" total="4" passed="4">
  <reporter-output>
  </reporter-output>
  <suite name="Default suite" duration-ms="30302" started-at="2020-01-17T16:27:31 IST" finished-at="2020-01-17T16:28:02 IST">
    <groups>
    </groups>
    <test name="Default test" duration-ms="30302" started-at="2020-01-17T16:27:31 IST" finished-at="2020-01-17T16:28:02 IST">
      <class name="com.test.GoogleSearchTest">
        <test-method status="PASS" signature="Setup()[pri:0, instance:com.test.GoogleSearchTest@4bb4de6a]" name="Setup" is-config="true" duration-ms="7821" started-at="2020-01-17T16:27:31 IST" finished-at="2020-01-17T16:27:39 IST">
          <reporter-output>
          </reporter-output>
        </test-method> <!-- Setup -->
        <test-method status="PASS" signature="SearchKeyword()[pri:1, instance:com.test.GoogleSearchTest@4bb4de6a]" name="SearchKeyword" duration-ms="22" started-at="2020-01-17T16:27:39 IST" finished-at="2020-01-17T16:27:39 IST">
          <reporter-output>
          </reporter-output>
        </test-method> <!-- SearchKeyword -->
        <test-method status="PASS" signature="Setup()[pri:0, instance:com.test.GoogleSearchTest@4bb4de6a]" name="Setup" is-config="true" duration-ms="7508" started-at="2020-01-17T16:27:39 IST" finished-at="2020-01-17T16:27:47 IST">
          <reporter-output>
          </reporter-output>
        </test-method> <!-- Setup -->
        <test-method status="PASS" signature="Boolean()[pri:2, instance:com.test.GoogleSearchTest@4bb4de6a]" name="Boolean" duration-ms="31" started-at="2020-01-17T16:27:47 IST" finished-at="2020-01-17T16:27:47 IST">
          <reporter-output>
          </reporter-output>
        </test-method> <!-- Boolean -->
        <test-method status="PASS" signature="Setup()[pri:0, instance:com.test.GoogleSearchTest@4bb4de6a]" name="Setup" is-config="true" duration-ms="7272" started-at="2020-01-17T16:27:47 IST" finished-at="2020-01-17T16:27:54 IST">
          <reporter-output>
          </reporter-output>
        </test-method> <!-- Setup -->
        <test-method status="PASS" signature="String()[pri:3, instance:com.test.GoogleSearchTest@4bb4de6a]" name="String" duration-ms="16" started-at="2020-01-17T16:27:54 IST" finished-at="2020-01-17T16:27:54 IST">
          <reporter-output>
          </reporter-output>
        </test-method> <!-- String -->
        <test-method status="PASS" signature="Setup()[pri:0, instance:com.test.GoogleSearchTest@4bb4de6a]" name="Setup" is-config="true" duration-ms="7536" started-at="2020-01-17T16:27:54 IST" finished-at="2020-01-17T16:28:02 IST">
          <reporter-output>
          </reporter-output>
        </test-method> <!-- Setup -->
        <test-method status="PASS" signature="String1()[pri:4, instance:com.test.GoogleSearchTest@4bb4de6a]" name="String1" duration-ms="3" started-at="2020-01-17T16:28:02 IST" finished-at="2020-01-17T16:28:02 IST">
          <reporter-output>
          </reporter-output>
        </test-method> <!-- String1 -->
      </class> <!-- com.test.GoogleSearchTest -->
    </test> <!-- Default test -->
  </suite> <!-- Default suite -->
</testng-results>
