<?xml version="1.0" encoding="UTF-8"?>
<testng-results skipped="0" failed="0" total="4" passed="4">
  <reporter-output>
  </reporter-output>
  <suite name="Default suite" duration-ms="31120" started-at="2020-01-22T09:36:52Z" finished-at="2020-01-22T09:37:23Z">
    <groups>
    </groups>
    <test name="Default test" duration-ms="31120" started-at="2020-01-22T09:36:52Z" finished-at="2020-01-22T09:37:23Z">
      <class name="com.qa.testpage.GoogleHomePageTest">
        <test-method status="PASS" signature="Setup()[pri:0, instance:com.qa.testpage.GoogleHomePageTest@20e2cbe0]" name="Setup" is-config="true" duration-ms="6315" started-at="2020-01-22T15:06:52Z" finished-at="2020-01-22T15:06:58Z">
          <reporter-output>
          </reporter-output>
        </test-method> <!-- Setup -->
        <test-method status="PASS" signature="GetTilePage()[pri:0, instance:com.qa.testpage.GoogleHomePageTest@20e2cbe0]" name="GetTilePage" duration-ms="23" started-at="2020-01-22T15:06:58Z" finished-at="2020-01-22T15:06:58Z">
          <reporter-output>
          </reporter-output>
        </test-method> <!-- GetTilePage -->
        <test-method status="PASS" signature="tearDown()[pri:0, instance:com.qa.testpage.GoogleHomePageTest@20e2cbe0]" name="tearDown" is-config="true" duration-ms="1289" started-at="2020-01-22T15:06:58Z" finished-at="2020-01-22T15:07:00Z">
          <reporter-output>
          </reporter-output>
        </test-method> <!-- tearDown -->
        <test-method status="PASS" signature="Setup()[pri:0, instance:com.qa.testpage.GoogleHomePageTest@20e2cbe0]" name="Setup" is-config="true" duration-ms="5787" started-at="2020-01-22T15:07:00Z" finished-at="2020-01-22T15:07:05Z">
          <reporter-output>
          </reporter-output>
        </test-method> <!-- Setup -->
        <test-method status="PASS" signature="logoCaptureUrl()[pri:0, instance:com.qa.testpage.GoogleHomePageTest@20e2cbe0]" name="logoCaptureUrl" duration-ms="2" started-at="2020-01-22T15:07:05Z" finished-at="2020-01-22T15:07:05Z">
          <reporter-output>
          </reporter-output>
        </test-method> <!-- logoCaptureUrl -->
        <test-method status="PASS" signature="tearDown()[pri:0, instance:com.qa.testpage.GoogleHomePageTest@20e2cbe0]" name="tearDown" is-config="true" duration-ms="871" started-at="2020-01-22T15:07:05Z" finished-at="2020-01-22T15:07:06Z">
          <reporter-output>
          </reporter-output>
        </test-method> <!-- tearDown -->
        <test-method status="PASS" signature="Setup()[pri:0, instance:com.qa.testpage.GoogleHomePageTest@20e2cbe0]" name="Setup" is-config="true" duration-ms="5485" started-at="2020-01-22T15:07:06Z" finished-at="2020-01-22T15:07:12Z">
          <reporter-output>
          </reporter-output>
        </test-method> <!-- Setup -->
        <test-method status="PASS" signature="clickOnEmailLink()[pri:0, instance:com.qa.testpage.GoogleHomePageTest@20e2cbe0]" name="clickOnEmailLink" duration-ms="1" started-at="2020-01-22T15:07:12Z" finished-at="2020-01-22T15:07:12Z">
          <reporter-output>
          </reporter-output>
        </test-method> <!-- clickOnEmailLink -->
        <test-method status="PASS" signature="tearDown()[pri:0, instance:com.qa.testpage.GoogleHomePageTest@20e2cbe0]" name="tearDown" is-config="true" duration-ms="1340" started-at="2020-01-22T15:07:12Z" finished-at="2020-01-22T15:07:13Z">
          <reporter-output>
          </reporter-output>
        </test-method> <!-- tearDown -->
        <test-method status="PASS" signature="Setup()[pri:0, instance:com.qa.testpage.GoogleHomePageTest@20e2cbe0]" name="Setup" is-config="true" duration-ms="6040" started-at="2020-01-22T15:07:13Z" finished-at="2020-01-22T15:07:19Z">
          <reporter-output>
          </reporter-output>
        </test-method> <!-- Setup -->
        <test-method status="PASS" signature="searchresult()[pri:0, instance:com.qa.testpage.GoogleHomePageTest@20e2cbe0]" name="searchresult" duration-ms="3028" started-at="2020-01-22T15:07:19Z" finished-at="2020-01-22T15:07:22Z">
          <reporter-output>
          </reporter-output>
        </test-method> <!-- searchresult -->
        <test-method status="PASS" signature="tearDown()[pri:0, instance:com.qa.testpage.GoogleHomePageTest@20e2cbe0]" name="tearDown" is-config="true" duration-ms="903" started-at="2020-01-22T15:07:22Z" finished-at="2020-01-22T15:07:23Z">
          <reporter-output>
          </reporter-output>
        </test-method> <!-- tearDown -->
      </class> <!-- com.qa.testpage.GoogleHomePageTest -->
    </test> <!-- Default test -->
  </suite> <!-- Default suite -->
</testng-results>
